   1              		.cpu arm7tdmi
   2              		.fpu softvfp
   3              		.eabi_attribute 20, 1
   4              		.eabi_attribute 21, 1
   5              		.eabi_attribute 23, 3
   6              		.eabi_attribute 24, 1
   7              		.eabi_attribute 25, 1
   8              		.eabi_attribute 26, 1
   9              		.eabi_attribute 30, 6
  10              		.eabi_attribute 18, 4
  11              		.file	"leds.c"
  21              	.Ltext0:
  22              		.file 1 "../leds.c"
 1688              		.align	2
 1689              		.global	leds_init
 1691              	leds_init:
 1692              	.LFB0:
   1:../leds.c     **** #include <s3c44b0x.h>
   2:../leds.c     **** #include <leds.h>
   3:../leds.c     **** 
   4:../leds.c     **** void leds_init( void )
   5:../leds.c     **** {
 1693              		.loc 1 5 0
 1694              		.cfi_startproc
 1695              		@ Function supports interworking.
 1696              		@ args = 0, pretend = 0, frame = 0
 1697              		@ frame_needed = 1, uses_anonymous_args = 0
 1698 0000 0DC0A0E1 		mov	ip, sp
 1699              	.LCFI0:
 1700              		.cfi_def_cfa_register 12
 1701 0004 00D82DE9 		stmfd	sp!, {fp, ip, lr, pc}
 1702 0008 04B04CE2 		sub	fp, ip, #4
 1703              		.cfi_offset 14, -8
 1704              		.cfi_offset 13, -12
 1705              		.cfi_offset 11, -16
 1706              	.LCFI1:
 1707              		.cfi_def_cfa 11, 4
   6:../leds.c     **** 	PCONB &= ~( (1<<10) | (1<<9) );
 1708              		.loc 1 6 0
 1709 000c 28309FE5 		ldr	r3, .L2
 1710 0010 24209FE5 		ldr	r2, .L2
 1711 0014 002092E5 		ldr	r2, [r2, #0]
 1712 0018 062CC2E3 		bic	r2, r2, #1536
 1713 001c 002083E5 		str	r2, [r3, #0]
   7:../leds.c     ****     led_off(LEFT_LED);
 1714              		.loc 1 7 0
 1715 0020 0100A0E3 		mov	r0, #1
 1716 0024 FEFFFFEB 		bl	led_off
   8:../leds.c     ****     led_off(RIGHT_LED);
 1717              		.loc 1 8 0
 1718 0028 0200A0E3 		mov	r0, #2
 1719 002c FEFFFFEB 		bl	led_off
   9:../leds.c     **** }
 1720              		.loc 1 9 0
 1721 0030 0CD04BE2 		sub	sp, fp, #12
 1722 0034 00689DE8 		ldmfd	sp, {fp, sp, lr}
 1723 0038 1EFF2FE1 		bx	lr
 1724              	.L3:
 1725              		.align	2
 1726              	.L2:
 1727 003c 0800D201 		.word	30539784
 1728              		.cfi_endproc
 1729              	.LFE0:
 1731              		.align	2
 1732              		.global	led_on
 1734              	led_on:
 1735              	.LFB1:
  10:../leds.c     **** 
  11:../leds.c     **** void led_on( uint8 led )
  12:../leds.c     **** {
 1736              		.loc 1 12 0
 1737              		.cfi_startproc
 1738              		@ Function supports interworking.
 1739              		@ args = 0, pretend = 0, frame = 8
 1740              		@ frame_needed = 1, uses_anonymous_args = 0
 1741 0040 0DC0A0E1 		mov	ip, sp
 1742              	.LCFI2:
 1743              		.cfi_def_cfa_register 12
 1744 0044 00D82DE9 		stmfd	sp!, {fp, ip, lr, pc}
 1745 0048 04B04CE2 		sub	fp, ip, #4
 1746              		.cfi_offset 14, -8
 1747              		.cfi_offset 13, -12
 1748              		.cfi_offset 11, -16
 1749              	.LCFI3:
 1750              		.cfi_def_cfa 11, 4
 1751 004c 08D04DE2 		sub	sp, sp, #8
 1752 0050 0030A0E1 		mov	r3, r0
 1753 0054 0D304BE5 		strb	r3, [fp, #-13]
  13:../leds.c     **** 	if (led == RIGHT_LED) PDATB = 1<<9;
 1754              		.loc 1 13 0
 1755 0058 0D305BE5 		ldrb	r3, [fp, #-13]	@ zero_extendqisi2
 1756 005c 020053E3 		cmp	r3, #2
 1757 0060 0300001A 		bne	.L5
 1758              		.loc 1 13 0 is_stmt 0 discriminator 1
 1759 0064 2C309FE5 		ldr	r3, .L7
 1760 0068 022CA0E3 		mov	r2, #512
 1761 006c 002083E5 		str	r2, [r3, #0]
 1762 0070 050000EA 		b	.L4
 1763              	.L5:
  14:../leds.c     **** 	else if (led == LEFT_LED) PDATB = 1<<10;
 1764              		.loc 1 14 0 is_stmt 1
 1765 0074 0D305BE5 		ldrb	r3, [fp, #-13]	@ zero_extendqisi2
 1766 0078 010053E3 		cmp	r3, #1
 1767 007c 0200001A 		bne	.L4
 1768              		.loc 1 14 0 is_stmt 0 discriminator 1
 1769 0080 10309FE5 		ldr	r3, .L7
 1770 0084 012BA0E3 		mov	r2, #1024
 1771 0088 002083E5 		str	r2, [r3, #0]
 1772              	.L4:
  15:../leds.c     **** }
 1773              		.loc 1 15 0 is_stmt 1
 1774 008c 0CD04BE2 		sub	sp, fp, #12
 1775 0090 00689DE8 		ldmfd	sp, {fp, sp, lr}
 1776 0094 1EFF2FE1 		bx	lr
 1777              	.L8:
 1778              		.align	2
 1779              	.L7:
 1780 0098 0C00D201 		.word	30539788
 1781              		.cfi_endproc
 1782              	.LFE1:
 1784              		.align	2
 1785              		.global	led_off
 1787              	led_off:
 1788              	.LFB2:
  16:../leds.c     **** 
  17:../leds.c     **** void led_off( uint8 led )
  18:../leds.c     **** {
 1789              		.loc 1 18 0
 1790              		.cfi_startproc
 1791              		@ Function supports interworking.
 1792              		@ args = 0, pretend = 0, frame = 8
 1793              		@ frame_needed = 1, uses_anonymous_args = 0
 1794 009c 0DC0A0E1 		mov	ip, sp
 1795              	.LCFI4:
 1796              		.cfi_def_cfa_register 12
 1797 00a0 00D82DE9 		stmfd	sp!, {fp, ip, lr, pc}
 1798 00a4 04B04CE2 		sub	fp, ip, #4
 1799              		.cfi_offset 14, -8
 1800              		.cfi_offset 13, -12
 1801              		.cfi_offset 11, -16
 1802              	.LCFI5:
 1803              		.cfi_def_cfa 11, 4
 1804 00a8 08D04DE2 		sub	sp, sp, #8
 1805 00ac 0030A0E1 		mov	r3, r0
 1806 00b0 0D304BE5 		strb	r3, [fp, #-13]
  19:../leds.c     **** 	if (led == RIGHT_LED) PDATB = 0<<9;
 1807              		.loc 1 19 0
 1808 00b4 0D305BE5 		ldrb	r3, [fp, #-13]	@ zero_extendqisi2
 1809 00b8 020053E3 		cmp	r3, #2
 1810 00bc 0300001A 		bne	.L10
 1811              		.loc 1 19 0 is_stmt 0 discriminator 1
 1812 00c0 2C309FE5 		ldr	r3, .L12
 1813 00c4 0020A0E3 		mov	r2, #0
 1814 00c8 002083E5 		str	r2, [r3, #0]
 1815 00cc 050000EA 		b	.L9
 1816              	.L10:
  20:../leds.c     **** 	else if (led == LEFT_LED) PDATB = 0<<10;
 1817              		.loc 1 20 0 is_stmt 1
 1818 00d0 0D305BE5 		ldrb	r3, [fp, #-13]	@ zero_extendqisi2
 1819 00d4 010053E3 		cmp	r3, #1
 1820 00d8 0200001A 		bne	.L9
 1821              		.loc 1 20 0 is_stmt 0 discriminator 1
 1822 00dc 10309FE5 		ldr	r3, .L12
 1823 00e0 0020A0E3 		mov	r2, #0
 1824 00e4 002083E5 		str	r2, [r3, #0]
 1825              	.L9:
  21:../leds.c     **** }
 1826              		.loc 1 21 0 is_stmt 1
 1827 00e8 0CD04BE2 		sub	sp, fp, #12
 1828 00ec 00689DE8 		ldmfd	sp, {fp, sp, lr}
 1829 00f0 1EFF2FE1 		bx	lr
 1830              	.L13:
 1831              		.align	2
 1832              	.L12:
 1833 00f4 0C00D201 		.word	30539788
 1834              		.cfi_endproc
 1835              	.LFE2:
 1837              		.align	2
 1838              		.global	led_toggle
 1840              	led_toggle:
 1841              	.LFB3:
  22:../leds.c     **** 
  23:../leds.c     **** void led_toggle( uint8 led )
  24:../leds.c     **** {
 1842              		.loc 1 24 0
 1843              		.cfi_startproc
 1844              		@ Function supports interworking.
 1845              		@ args = 0, pretend = 0, frame = 16
 1846              		@ frame_needed = 1, uses_anonymous_args = 0
 1847 00f8 0DC0A0E1 		mov	ip, sp
 1848              	.LCFI6:
 1849              		.cfi_def_cfa_register 12
 1850 00fc 00D82DE9 		stmfd	sp!, {fp, ip, lr, pc}
 1851 0100 04B04CE2 		sub	fp, ip, #4
 1852              		.cfi_offset 14, -8
 1853              		.cfi_offset 13, -12
 1854              		.cfi_offset 11, -16
 1855              	.LCFI7:
 1856              		.cfi_def_cfa 11, 4
 1857 0104 10D04DE2 		sub	sp, sp, #16
 1858 0108 0030A0E1 		mov	r3, r0
 1859 010c 15304BE5 		strb	r3, [fp, #-21]
  25:../leds.c     ****     uint8 st = led_status(led);
 1860              		.loc 1 25 0
 1861 0110 15305BE5 		ldrb	r3, [fp, #-21]	@ zero_extendqisi2
 1862 0114 0300A0E1 		mov	r0, r3
 1863 0118 FEFFFFEB 		bl	led_status
 1864 011c 0030A0E1 		mov	r3, r0
 1865 0120 0D304BE5 		strb	r3, [fp, #-13]
  26:../leds.c     ****     if(st == 0) led_on(led);
 1866              		.loc 1 26 0
 1867 0124 0D305BE5 		ldrb	r3, [fp, #-13]	@ zero_extendqisi2
 1868 0128 000053E3 		cmp	r3, #0
 1869 012c 0300001A 		bne	.L15
 1870              		.loc 1 26 0 is_stmt 0 discriminator 1
 1871 0130 15305BE5 		ldrb	r3, [fp, #-21]	@ zero_extendqisi2
 1872 0134 0300A0E1 		mov	r0, r3
 1873 0138 FEFFFFEB 		bl	led_on
 1874 013c 020000EA 		b	.L14
 1875              	.L15:
  27:../leds.c     ****     else led_off(led);
 1876              		.loc 1 27 0 is_stmt 1
 1877 0140 15305BE5 		ldrb	r3, [fp, #-21]	@ zero_extendqisi2
 1878 0144 0300A0E1 		mov	r0, r3
 1879 0148 FEFFFFEB 		bl	led_off
 1880              	.L14:
  28:../leds.c     **** }
 1881              		.loc 1 28 0
 1882 014c 0CD04BE2 		sub	sp, fp, #12
 1883 0150 00689DE8 		ldmfd	sp, {fp, sp, lr}
 1884 0154 1EFF2FE1 		bx	lr
 1885              		.cfi_endproc
 1886              	.LFE3:
 1888              		.align	2
 1889              		.global	led_status
 1891              	led_status:
 1892              	.LFB4:
  29:../leds.c     **** 
  30:../leds.c     **** uint8 led_status( uint8 led )
  31:../leds.c     **** {
 1893              		.loc 1 31 0
 1894              		.cfi_startproc
 1895              		@ Function supports interworking.
 1896              		@ args = 0, pretend = 0, frame = 16
 1897              		@ frame_needed = 1, uses_anonymous_args = 0
 1898 0158 0DC0A0E1 		mov	ip, sp
 1899              	.LCFI8:
 1900              		.cfi_def_cfa_register 12
 1901 015c 00D82DE9 		stmfd	sp!, {fp, ip, lr, pc}
 1902 0160 04B04CE2 		sub	fp, ip, #4
 1903              		.cfi_offset 14, -8
 1904              		.cfi_offset 13, -12
 1905              		.cfi_offset 11, -16
 1906              	.LCFI9:
 1907              		.cfi_def_cfa 11, 4
 1908 0164 10D04DE2 		sub	sp, sp, #16
 1909 0168 0030A0E1 		mov	r3, r0
 1910 016c 15304BE5 		strb	r3, [fp, #-21]
  32:../leds.c     **** 	uint8 st = 0;
 1911              		.loc 1 32 0
 1912 0170 0030A0E3 		mov	r3, #0
 1913 0174 0D304BE5 		strb	r3, [fp, #-13]
  33:../leds.c     **** 	if (led == RIGHT_LED) return st = PDATB>>9;
 1914              		.loc 1 33 0
 1915 0178 15305BE5 		ldrb	r3, [fp, #-21]	@ zero_extendqisi2
 1916 017c 020053E3 		cmp	r3, #2
 1917 0180 0500001A 		bne	.L18
 1918              		.loc 1 33 0 is_stmt 0 discriminator 1
 1919 0184 48309FE5 		ldr	r3, .L21
 1920 0188 003093E5 		ldr	r3, [r3, #0]
 1921 018c A334A0E1 		mov	r3, r3, lsr #9
 1922 0190 0D304BE5 		strb	r3, [fp, #-13]
 1923 0194 0D305BE5 		ldrb	r3, [fp, #-13]	@ zero_extendqisi2
 1924 0198 090000EA 		b	.L19
 1925              	.L18:
  34:../leds.c     **** 	else if (led == LEFT_LED) return st = PDATB>>10;
 1926              		.loc 1 34 0 is_stmt 1
 1927 019c 15305BE5 		ldrb	r3, [fp, #-21]	@ zero_extendqisi2
 1928 01a0 010053E3 		cmp	r3, #1
 1929 01a4 0500001A 		bne	.L20
 1930              		.loc 1 34 0 is_stmt 0 discriminator 1
 1931 01a8 24309FE5 		ldr	r3, .L21
 1932 01ac 003093E5 		ldr	r3, [r3, #0]
 1933 01b0 2335A0E1 		mov	r3, r3, lsr #10
 1934 01b4 0D304BE5 		strb	r3, [fp, #-13]
 1935 01b8 0D305BE5 		ldrb	r3, [fp, #-13]	@ zero_extendqisi2
 1936 01bc 000000EA 		b	.L19
 1937              	.L20:
 1938 01c0 FFFFFFEA 		b	.L17
 1939              	.L19:
 1940              	.L17:
  35:../leds.c     **** }
 1941              		.loc 1 35 0 is_stmt 1
 1942 01c4 0300A0E1 		mov	r0, r3
 1943 01c8 0CD04BE2 		sub	sp, fp, #12
 1944 01cc 00689DE8 		ldmfd	sp, {fp, sp, lr}
 1945 01d0 1EFF2FE1 		bx	lr
 1946              	.L22:
 1947              		.align	2
 1948              	.L21:
 1949 01d4 0C00D201 		.word	30539788
 1950              		.cfi_endproc
 1951              	.LFE4:
 1953              	.Letext0:
DEFINED SYMBOLS
                            *ABS*:00000000 leds.c
C:\Users\USUARI~1\AppData\Local\Temp\cc5fn0Bx.s:1688   .text:00000000 $a
C:\Users\USUARI~1\AppData\Local\Temp\cc5fn0Bx.s:1691   .text:00000000 leds_init
C:\Users\USUARI~1\AppData\Local\Temp\cc5fn0Bx.s:1787   .text:0000009c led_off
C:\Users\USUARI~1\AppData\Local\Temp\cc5fn0Bx.s:1727   .text:0000003c $d
C:\Users\USUARI~1\AppData\Local\Temp\cc5fn0Bx.s:1731   .text:00000040 $a
C:\Users\USUARI~1\AppData\Local\Temp\cc5fn0Bx.s:1734   .text:00000040 led_on
C:\Users\USUARI~1\AppData\Local\Temp\cc5fn0Bx.s:1780   .text:00000098 $d
C:\Users\USUARI~1\AppData\Local\Temp\cc5fn0Bx.s:1784   .text:0000009c $a
C:\Users\USUARI~1\AppData\Local\Temp\cc5fn0Bx.s:1833   .text:000000f4 $d
C:\Users\USUARI~1\AppData\Local\Temp\cc5fn0Bx.s:1837   .text:000000f8 $a
C:\Users\USUARI~1\AppData\Local\Temp\cc5fn0Bx.s:1840   .text:000000f8 led_toggle
C:\Users\USUARI~1\AppData\Local\Temp\cc5fn0Bx.s:1891   .text:00000158 led_status
C:\Users\USUARI~1\AppData\Local\Temp\cc5fn0Bx.s:1949   .text:000001d4 $d
                     .debug_frame:00000010 $d

NO UNDEFINED SYMBOLS
